  stdafx.cpp
  Bullet.cpp
  CreateBackground.cpp
c:\visualstudiostuff\projects\zombiearena\zombiearena\createbackground.cpp(32): warning C4244: 'argument': conversion from 'int' to 'T', possible loss of data
          with
          [
              T=float
          ]
c:\visualstudiostuff\projects\zombiearena\zombiearena\createbackground.cpp(34): warning C4244: 'argument': conversion from 'int' to 'T', possible loss of data
          with
          [
              T=float
          ]
c:\visualstudiostuff\projects\zombiearena\zombiearena\createbackground.cpp(37): warning C4244: 'argument': conversion from 'int' to 'T', possible loss of data
          with
          [
              T=float
          ]
c:\visualstudiostuff\projects\zombiearena\zombiearena\createbackground.cpp(39): warning C4244: 'argument': conversion from 'int' to 'T', possible loss of data
          with
          [
              T=float
          ]
c:\visualstudiostuff\projects\zombiearena\zombiearena\createbackground.cpp(58): warning C4244: 'argument': conversion from 'int' to 'T', possible loss of data
          with
          [
              T=float
          ]
c:\visualstudiostuff\projects\zombiearena\zombiearena\createbackground.cpp(60): warning C4244: 'argument': conversion from 'int' to 'T', possible loss of data
          with
          [
              T=float
          ]
c:\visualstudiostuff\projects\zombiearena\zombiearena\createbackground.cpp(62): warning C4244: 'argument': conversion from 'int' to 'T', possible loss of data
          with
          [
              T=float
          ]
c:\visualstudiostuff\projects\zombiearena\zombiearena\createbackground.cpp(64): warning C4244: 'argument': conversion from 'int' to 'T', possible loss of data
          with
          [
              T=float
          ]
  CreateHorde.cpp
c:\visualstudiostuff\projects\zombiearena\zombiearena\createhorde.cpp(29): warning C4244: '=': conversion from 'int' to 'float', possible loss of data
c:\visualstudiostuff\projects\zombiearena\zombiearena\createhorde.cpp(30): warning C4244: '=': conversion from 'int' to 'float', possible loss of data
c:\visualstudiostuff\projects\zombiearena\zombiearena\createhorde.cpp(35): warning C4244: '=': conversion from 'int' to 'float', possible loss of data
c:\visualstudiostuff\projects\zombiearena\zombiearena\createhorde.cpp(36): warning C4244: '=': conversion from 'int' to 'float', possible loss of data
c:\visualstudiostuff\projects\zombiearena\zombiearena\createhorde.cpp(41): warning C4244: '=': conversion from 'int' to 'float', possible loss of data
c:\visualstudiostuff\projects\zombiearena\zombiearena\createhorde.cpp(42): warning C4244: '=': conversion from 'int' to 'float', possible loss of data
c:\visualstudiostuff\projects\zombiearena\zombiearena\createhorde.cpp(47): warning C4244: '=': conversion from 'int' to 'float', possible loss of data
c:\visualstudiostuff\projects\zombiearena\zombiearena\createhorde.cpp(48): warning C4244: '=': conversion from 'int' to 'float', possible loss of data
  Pickup.cpp
c:\visualstudiostuff\projects\zombiearena\zombiearena\pickup.cpp(28): warning C4244: '=': conversion from 'const int' to 'float', possible loss of data
c:\visualstudiostuff\projects\zombiearena\zombiearena\pickup.cpp(29): warning C4244: '=': conversion from 'const int' to 'float', possible loss of data
c:\visualstudiostuff\projects\zombiearena\zombiearena\pickup.cpp(54): warning C4244: 'argument': conversion from 'int' to 'float', possible loss of data
c:\visualstudiostuff\projects\zombiearena\zombiearena\pickup.cpp(110): warning C4244: '+=': conversion from 'double' to 'int', possible loss of data
c:\visualstudiostuff\projects\zombiearena\zombiearena\pickup.cpp(114): warning C4244: '+=': conversion from 'double' to 'int', possible loss of data
  Player.cpp
c:\visualstudiostuff\projects\zombiearena\zombiearena\player.cpp(9): warning C4244: '=': conversion from 'const float' to 'int', possible loss of data
c:\visualstudiostuff\projects\zombiearena\zombiearena\player.cpp(10): warning C4244: '=': conversion from 'const float' to 'int', possible loss of data
c:\visualstudiostuff\projects\zombiearena\zombiearena\player.cpp(23): warning C4244: '=': conversion from 'int' to 'T', possible loss of data
          with
          [
              T=float
          ]
c:\visualstudiostuff\projects\zombiearena\zombiearena\player.cpp(24): warning C4244: '=': conversion from 'int' to 'T', possible loss of data
          with
          [
              T=float
          ]
c:\visualstudiostuff\projects\zombiearena\zombiearena\player.cpp(43): warning C4244: '=': conversion from 'const float' to 'int', possible loss of data
c:\visualstudiostuff\projects\zombiearena\zombiearena\player.cpp(44): warning C4244: '=': conversion from 'const float' to 'int', possible loss of data
c:\visualstudiostuff\projects\zombiearena\zombiearena\player.cpp(158): warning C4244: '=': conversion from 'int' to 'T', possible loss of data
          with
          [
              T=float
          ]
c:\visualstudiostuff\projects\zombiearena\zombiearena\player.cpp(163): warning C4244: '=': conversion from 'int' to 'T', possible loss of data
          with
          [
              T=float
          ]
c:\visualstudiostuff\projects\zombiearena\zombiearena\player.cpp(168): warning C4244: '=': conversion from 'int' to 'T', possible loss of data
          with
          [
              T=float
          ]
c:\visualstudiostuff\projects\zombiearena\zombiearena\player.cpp(173): warning C4244: '=': conversion from 'int' to 'T', possible loss of data
          with
          [
              T=float
          ]
c:\visualstudiostuff\projects\zombiearena\zombiearena\player.cpp(179): warning C4244: 'initializing': conversion from 'double' to 'float', possible loss of data
c:\visualstudiostuff\projects\zombiearena\zombiearena\player.cpp(188): warning C4244: '+=': conversion from 'double' to 'float', possible loss of data
c:\visualstudiostuff\projects\zombiearena\zombiearena\player.cpp(194): warning C4244: '+=': conversion from 'double' to 'int', possible loss of data
  TextureHolder.cpp
  Zombie.cpp
c:\visualstudiostuff\projects\zombiearena\zombiearena\zombie.cpp(45): warning C4244: 'initializing': conversion from 'int' to 'float', possible loss of data
c:\visualstudiostuff\projects\zombiearena\zombiearena\zombie.cpp(125): warning C4244: 'initializing': conversion from 'double' to 'float', possible loss of data
  ZombieArena.cpp
c:\visualstudiostuff\projects\zombiearena\zombiearena\zombiearena.cpp(35): warning C4244: '=': conversion from 'unsigned int' to 'T', possible loss of data
          with
          [
              T=float
          ]
c:\visualstudiostuff\projects\zombiearena\zombiearena\zombiearena.cpp(36): warning C4244: '=': conversion from 'unsigned int' to 'T', possible loss of data
          with
          [
              T=float
          ]
c:\visualstudiostuff\projects\zombiearena\zombiearena\zombiearena.cpp(38): warning C4244: 'argument': conversion from 'T' to 'unsigned int', possible loss of data
          with
          [
              T=float
          ]
c:\visualstudiostuff\projects\zombiearena\zombiearena\zombiearena.cpp(614): warning C4244: 'argument': conversion from 'int' to 'T', possible loss of data
          with
          [
              T=float
          ]
  Generating Code...
  ZombieArena.vcxproj -> C:\VisualStudioStuff\Projects\ZombieArena\Debug\ZombieArena.exe
